<?xml version="1.0" encoding="UTF-8"?>
<testng-results skipped="0" failed="0" ignored="0" total="1" passed="1">
  <reporter-output>
  </reporter-output>
  <suite name="Suite1" duration-ms="62146" started-at="2024-06-25T20:13:26 EET" finished-at="2024-06-25T20:14:28 EET">
    <groups>
      <group name="cucumber">
        <method signature="AbstractTestNGCucumberTests.runScenario(io.cucumber.testng.PickleWrapper,io.cucumber.testng.FeatureWrapper)[pri:0, instance:com.web_taf.tests.Runner@7722c3c3]" name="runScenario" class="io.cucumber.testng.AbstractTestNGCucumberTests"/>
      </group> <!-- cucumber -->
    </groups>
    <test name="orangeHRm" duration-ms="62146" started-at="2024-06-25T20:13:26 EET" finished-at="2024-06-25T20:14:28 EET">
      <class name="com.web_taf.tests.Runner">
        <test-method status="PASS" signature="setUpClass(org.testng.ITestContext)[pri:0, instance:com.web_taf.tests.Runner@7722c3c3]" name="setUpClass" is-config="true" duration-ms="1274" started-at="2024-06-25T20:13:26 EET" finished-at="2024-06-25T20:13:27 EET">
          <params>
            <param index="0">
              <value>
                <![CDATA[org.testng.TestRunner@d5556bf]]>
              </value>
            </param>
          </params>
          <reporter-output>
          </reporter-output>
        </test-method> <!-- setUpClass -->
        <test-method status="PASS" signature="runScenario(io.cucumber.testng.PickleWrapper,io.cucumber.testng.FeatureWrapper)[pri:0, instance:com.web_taf.tests.Runner@7722c3c3]" name="runScenario" duration-ms="59211" started-at="2024-06-25T20:13:27 EET" description="Runs Cucumber Scenarios" data-provider="scenarios" finished-at="2024-06-25T20:14:26 EET">
          <params>
            <param index="0">
              <value>
                <![CDATA["Create , search and delete new user"]]>
              </value>
            </param>
            <param index="1">
              <value>
                <![CDATA["Optional[Create , search and delete new user]"]]>
              </value>
            </param>
          </params>
          <reporter-output>
          </reporter-output>
        </test-method> <!-- runScenario -->
        <test-method status="PASS" signature="tearDownClass()[pri:0, instance:com.web_taf.tests.Runner@7722c3c3]" name="tearDownClass" is-config="true" duration-ms="1391" started-at="2024-06-25T20:14:26 EET" finished-at="2024-06-25T20:14:28 EET">
          <reporter-output>
          </reporter-output>
        </test-method> <!-- tearDownClass -->
      </class> <!-- com.web_taf.tests.Runner -->
    </test> <!-- orangeHRm -->
  </suite> <!-- Suite1 -->
</testng-results>
